[debug] [2025-07-22T10:54:26.765Z] ----------------------------------------------------------------------
[debug] [2025-07-22T10:54:26.769Z] Command:       C:\Program Files\nodejs\node.exe C:\Users\naldd\AppData\Roaming\npm\node_modules\firebase-tools\lib\bin\firebase.js init hosting
[debug] [2025-07-22T10:54:26.769Z] CLI Version:   14.11.0
[debug] [2025-07-22T10:54:26.770Z] Platform:      win32
[debug] [2025-07-22T10:54:26.770Z] Node Version:  v20.19.3
[debug] [2025-07-22T10:54:26.770Z] Time:          Tue Jul 22 2025 07:54:26 GMT-0300 (Horário Padrão de Brasília)
[debug] [2025-07-22T10:54:26.770Z] ----------------------------------------------------------------------
[debug] 
[debug] [2025-07-22T10:54:26.777Z] > command requires scopes: ["email","openid","https://www.googleapis.com/auth/cloudplatformprojects.readonly","https://www.googleapis.com/auth/firebase","https://www.googleapis.com/auth/cloud-platform"]
[debug] [2025-07-22T10:54:26.778Z] > authorizing via signed-in user (naldduc@gmail.com)
[info] 
     ######## #### ########  ######## ########     ###     ######  ########
     ##        ##  ##     ## ##       ##     ##  ##   ##  ##       ##
     ######    ##  ########  ######   ########  #########  ######  ######
     ##        ##  ##    ##  ##       ##     ## ##     ##       ## ##
     ##       #### ##     ## ######## ########  ##     ##  ######  ########

You're about to initialize a Firebase project in this directory:

  C:\dev\ford-nald-pf\front-end

Before we get started, keep in mind:

  * You are currently outside your home directory

[info] 
=== Project Setup
[info] 
[info] First, let's associate this project directory with a Firebase project.
[info] You can create multiple project aliases by running firebase use --add, 
[info] but for now we'll just set up a default project.
[info] 
[info] i  If you want to create a project in a Google Cloud organization or folder, please use "firebase projects:create" instead, and return to this command when you've created the project. 
[debug] [2025-07-22T10:58:44.935Z] Checked if tokens are valid: true, expires at: 1753185197982
[debug] [2025-07-22T10:58:44.936Z] Checked if tokens are valid: true, expires at: 1753185197982
[debug] [2025-07-22T10:58:44.938Z] >>> [apiv2][query] POST https://firebase.googleapis.com/v1/projects:checkProjectId [none]
[debug] [2025-07-22T10:58:44.938Z] >>> [apiv2][body] POST https://firebase.googleapis.com/v1/projects:checkProjectId {"proposedId":"ford-nald-site"}
[debug] [2025-07-22T10:58:45.593Z] <<< [apiv2][status] POST https://firebase.googleapis.com/v1/projects:checkProjectId 200
[debug] [2025-07-22T10:58:45.593Z] <<< [apiv2][body] POST https://firebase.googleapis.com/v1/projects:checkProjectId {"projectIdStatus":"PROJECT_ID_AVAILABLE","suggestedProjectId":"ford-nald-site"}
[debug] [2025-07-22T10:59:30.657Z] Checked if tokens are valid: true, expires at: 1753185197982
[debug] [2025-07-22T10:59:30.658Z] Checked if tokens are valid: true, expires at: 1753185197982
[debug] [2025-07-22T10:59:30.658Z] >>> [apiv2][query] POST https://cloudresourcemanager.googleapis.com/v1/projects [none]
[debug] [2025-07-22T10:59:30.658Z] >>> [apiv2][body] POST https://cloudresourcemanager.googleapis.com/v1/projects {"projectId":"ford-nald-site","name":"ford-nald-site"}
[debug] [2025-07-22T10:59:31.760Z] <<< [apiv2][status] POST https://cloudresourcemanager.googleapis.com/v1/projects 200
[debug] [2025-07-22T10:59:31.760Z] <<< [apiv2][body] POST https://cloudresourcemanager.googleapis.com/v1/projects {"name":"operations/create_project.global.4857143150919335698"}
[debug] [2025-07-22T10:59:31.761Z] Checked if tokens are valid: true, expires at: 1753185197982
[debug] [2025-07-22T10:59:31.761Z] Checked if tokens are valid: true, expires at: 1753185197982
[debug] [2025-07-22T10:59:31.762Z] >>> [apiv2][query] GET https://cloudresourcemanager.googleapis.com/v1/operations/create_project.global.4857143150919335698 [none]
[debug] [2025-07-22T10:59:32.583Z] <<< [apiv2][status] GET https://cloudresourcemanager.googleapis.com/v1/operations/create_project.global.4857143150919335698 200
[debug] [2025-07-22T10:59:32.583Z] <<< [apiv2][body] GET https://cloudresourcemanager.googleapis.com/v1/operations/create_project.global.4857143150919335698 {"name":"operations/create_project.global.4857143150919335698","metadata":{"@type":"type.googleapis.com/google.cloudresourcemanager.v1.ProjectCreationStatus","ready":true},"done":true,"error":{"code":9,"message":"Callers must accept Terms of Service","details":[{"@type":"type.googleapis.com/google.rpc.PreconditionFailure","violations":[{"type":"TOS","subject":"cloud","description":"Callers must accept Terms of Service"}]}]}}
[debug] [2025-07-22T10:59:32.585Z] FirebaseError: Callers must accept Terms of Service
    at OperationPoller.poll (C:\Users\naldd\AppData\Roaming\npm\node_modules\firebase-tools\lib\operation-poller.js:24:19)
    at process.processTicksAndRejections (node:internal/process/task_queues:95:5)
    at async createCloudProject (C:\Users\naldd\AppData\Roaming\npm\node_modules\firebase-tools\lib\management\projects.js:215:29)
    at async createFirebaseProjectAndLog (C:\Users\naldd\AppData\Roaming\npm\node_modules\firebase-tools\lib\management\projects.js:83:9)
    at async promptAndCreateNewProject (C:\Users\naldd\AppData\Roaming\npm\node_modules\firebase-tools\lib\init\features\project.js:31:12)
    at async Object.doSetup (C:\Users\naldd\AppData\Roaming\npm\node_modules\firebase-tools\lib\init\features\project.js:85:31)
    at async init (C:\Users\naldd\AppData\Roaming\npm\node_modules\firebase-tools\lib\init\index.js:62:13)
    at async Command.initAction [as actionFn] (C:\Users\naldd\AppData\Roaming\npm\node_modules\firebase-tools\lib\commands\init.js:205:5)
[error] 
[error] Error: Failed to create project. See firebase-debug.log for more info.
